<?xml version="1.0" encoding="UTF-8"?>
<!-- Generated by org.testng.reporters.JUnitXMLReporter -->
<testsuite ignored="0" hostname="VaibhavBhavsar" failures="0" tests="10" name="Default test" time="21.926" errors="0" timestamp="2026-05-09T18:52:09 IST">
  <testcase classname="telecome_RestAssured_Capstone3.TestCases" name="TC01_AddUser" time="7.66"/>
  <testcase classname="telecome_RestAssured_Capstone3.TestCases" name="TC02_GetUserProfile" time="1.585"/>
  <testcase classname="telecome_RestAssured_Capstone3.TestCases" name="TC03_UpdateUser" time="1.605"/>
  <testcase classname="telecome_RestAssured_Capstone3.TestCases" name="TC04_LoginUser" time="1.589"/>
  <testcase classname="telecome_RestAssured_Capstone3.TestCases" name="TC05_AddContact" time="1.646"/>
  <testcase classname="telecome_RestAssured_Capstone3.TestCases" name="TC06_GetContactList" time="1.577"/>
  <testcase classname="telecome_RestAssured_Capstone3.TestCases" name="TC07_GetSingleContact" time="1.389"/>
  <testcase classname="telecome_RestAssured_Capstone3.TestCases" name="TC08_UpdateFullContact" time="1.561"/>
  <testcase classname="telecome_RestAssured_Capstone3.TestCases" name="TC09_UpdatePartialContact" time="1.633"/>
  <testcase classname="telecome_RestAssured_Capstone3.TestCases" name="TC10_LogoutUser" time="1.527"/>
</testsuite> <!-- Default test -->
