<?xml version="1.0" encoding="UTF-8"?>
<testng-results ignored="6" total="7" passed="1" failed="0" skipped="0">
  <reporter-output>
  </reporter-output>
  <suite started-at="2026-05-03T19:18:51 IST" name="Default suite" finished-at="2026-05-03T19:18:55 IST" duration-ms="3572">
    <groups>
    </groups>
    <test started-at="2026-05-03T19:18:51 IST" name="Default test" finished-at="2026-05-03T19:18:55 IST" duration-ms="3572">
      <class name="tests.TestScenariosToAutomate">
        <test-method is-config="true" signature="SetUp()[pri:0, instance:tests.TestScenariosToAutomate@4c12331b]" started-at="2026-05-03T19:18:51 IST" name="SetUp" finished-at="2026-05-03T19:18:54 IST" duration-ms="2214" status="PASS">
          <reporter-output>
          </reporter-output>
        </test-method> <!-- SetUp -->
        <test-method signature="TC07_sameCity()[pri:7, instance:tests.TestScenariosToAutomate@4c12331b]" started-at="2026-05-03T19:18:54 IST" name="TC07_sameCity" finished-at="2026-05-03T19:18:55 IST" duration-ms="1125" status="PASS">
          <reporter-output>
          </reporter-output>
        </test-method> <!-- TC07_sameCity -->
        <test-method is-config="true" signature="TearDown()[pri:0, instance:tests.TestScenariosToAutomate@4c12331b]" started-at="2026-05-03T19:18:55 IST" name="TearDown" finished-at="2026-05-03T19:18:55 IST" duration-ms="160" status="PASS">
          <reporter-output>
          </reporter-output>
        </test-method> <!-- TearDown -->
      </class> <!-- tests.TestScenariosToAutomate -->
    </test> <!-- Default test -->
  </suite> <!-- Default suite -->
</testng-results>
