<?xml version="1.0" encoding="UTF-8"?>
<testng-results ignored="0" total="2" passed="2" failed="0" skipped="0">
  <reporter-output>
  </reporter-output>
  <suite started-at="2026-05-05T22:59:12 IST" name="Default suite" finished-at="2026-05-05T22:59:31 IST" duration-ms="19189">
    <groups>
    </groups>
    <test started-at="2026-05-05T22:59:12 IST" name="Default test" finished-at="2026-05-05T22:59:31 IST" duration-ms="19189">
      <class name="Tests.CheckoutTest">
        <test-method is-config="true" signature="setup(java.lang.reflect.Method)[pri:0, instance:Tests.CheckoutTest@639c2c1d]" started-at="2026-05-05T22:59:12 IST" name="setup" finished-at="2026-05-05T22:59:16 IST" duration-ms="4160" status="PASS">
          <params>
            <param index="0">
              <value>
                <![CDATA[public void Tests.CheckoutTest.TC_007_checkout() throws java.lang.Exception]]>
              </value>
            </param>
          </params>
          <reporter-output>
          </reporter-output>
        </test-method> <!-- setup -->
        <test-method signature="TC_007_checkout()[pri:7, instance:Tests.CheckoutTest@639c2c1d]" started-at="2026-05-05T22:59:16 IST" name="TC_007_checkout" finished-at="2026-05-05T22:59:26 IST" duration-ms="9632" status="PASS">
          <reporter-output>
          </reporter-output>
        </test-method> <!-- TC_007_checkout -->
        <test-method is-config="true" signature="tearDown(org.testng.ITestResult)[pri:0, instance:Tests.CheckoutTest@639c2c1d]" started-at="2026-05-05T22:59:26 IST" name="tearDown" finished-at="2026-05-05T22:59:26 IST" duration-ms="647" status="PASS">
          <params>
            <param index="0">
              <value>
                <![CDATA[[TestResult name=TC_007_checkout status=SUCCESS method=CheckoutTest.TC_007_checkout()[pri:7, instance:Tests.CheckoutTest@639c2c1d] output={null}]]]>
              </value>
            </param>
          </params>
          <reporter-output>
          </reporter-output>
        </test-method> <!-- tearDown -->
        <test-method is-config="true" signature="setup(java.lang.reflect.Method)[pri:0, instance:Tests.CheckoutTest@639c2c1d]" started-at="2026-05-05T22:59:26 IST" name="setup" finished-at="2026-05-05T22:59:30 IST" duration-ms="3361" status="PASS">
          <params>
            <param index="0">
              <value>
                <![CDATA[public void Tests.CheckoutTest.TC_008_checkoutWithoutItems() throws java.lang.Exception]]>
              </value>
            </param>
          </params>
          <reporter-output>
          </reporter-output>
        </test-method> <!-- setup -->
        <test-method signature="TC_008_checkoutWithoutItems()[pri:8, instance:Tests.CheckoutTest@639c2c1d]" started-at="2026-05-05T22:59:30 IST" name="TC_008_checkoutWithoutItems" finished-at="2026-05-05T22:59:31 IST" duration-ms="1149" status="PASS">
          <reporter-output>
          </reporter-output>
        </test-method> <!-- TC_008_checkoutWithoutItems -->
        <test-method is-config="true" signature="tearDown(org.testng.ITestResult)[pri:0, instance:Tests.CheckoutTest@639c2c1d]" started-at="2026-05-05T22:59:31 IST" name="tearDown" finished-at="2026-05-05T22:59:31 IST" duration-ms="181" status="PASS">
          <params>
            <param index="0">
              <value>
                <![CDATA[[TestResult name=TC_008_checkoutWithoutItems status=SUCCESS method=CheckoutTest.TC_008_checkoutWithoutItems()[pri:8, instance:Tests.CheckoutTest@639c2c1d] output={null}]]]>
              </value>
            </param>
          </params>
          <reporter-output>
          </reporter-output>
        </test-method> <!-- tearDown -->
      </class> <!-- Tests.CheckoutTest -->
    </test> <!-- Default test -->
  </suite> <!-- Default suite -->
</testng-results>
