<?xml version="1.0" encoding="UTF-8"?>
<!-- Generated by org.testng.reporters.JUnitReportReporter -->
<testsuite hostname="VaibhavBhavsar" failures="0" tests="10" name="telecome_RestAssured_Capstone3.TelecomeProjectTestcases" time="20.893" errors="0" timestamp="2026-05-09T18:36:48 IST" skipped="0">
  <testcase classname="telecome_RestAssured_Capstone3.TelecomeProjectTestcases" name="TC01_AddUser" time="5.983"/>
  <system-out/>
  <testcase classname="telecome_RestAssured_Capstone3.TelecomeProjectTestcases" name="TC02_GetUserProfile" time="1.551"/>
  <system-out/>
  <testcase classname="telecome_RestAssured_Capstone3.TelecomeProjectTestcases" name="TC03_UpdateUser" time="1.722"/>
  <system-out/>
  <testcase classname="telecome_RestAssured_Capstone3.TelecomeProjectTestcases" name="TC04_LoginUser" time="1.583"/>
  <system-out/>
  <testcase classname="telecome_RestAssured_Capstone3.TelecomeProjectTestcases" name="TC05_AddContact" time="1.651"/>
  <system-out/>
  <testcase classname="telecome_RestAssured_Capstone3.TelecomeProjectTestcases" name="TC06_GetContactList" time="1.571"/>
  <system-out/>
  <testcase classname="telecome_RestAssured_Capstone3.TelecomeProjectTestcases" name="TC07_GetSingleContact" time="1.523"/>
  <system-out/>
  <testcase classname="telecome_RestAssured_Capstone3.TelecomeProjectTestcases" name="TC08_UpdateFullContact" time="2.148"/>
  <system-out/>
  <testcase classname="telecome_RestAssured_Capstone3.TelecomeProjectTestcases" name="TC09_UpdatePartialContact" time="1.526"/>
  <system-out/>
  <testcase classname="telecome_RestAssured_Capstone3.TelecomeProjectTestcases" name="TC10_LogoutUser" time="1.635"/>
  <system-out/>
</testsuite> <!-- telecome_RestAssured_Capstone3.TelecomeProjectTestcases -->
