<?xml version="1.0" encoding="UTF-8"?>
<!-- Generated by org.testng.reporters.JUnitReportReporter -->
<testsuite hostname="VaibhavBhavsar" failures="0" tests="10" name="telecome_RestAssured_Capstone3.TestCases" time="21.789" errors="0" timestamp="2026-05-09T18:52:10 IST" skipped="0">
  <testcase classname="telecome_RestAssured_Capstone3.TestCases" name="TC01_AddUser" time="7.661"/>
  <system-out/>
  <testcase classname="telecome_RestAssured_Capstone3.TestCases" name="TC02_GetUserProfile" time="1.586"/>
  <system-out/>
  <testcase classname="telecome_RestAssured_Capstone3.TestCases" name="TC03_UpdateUser" time="1.607"/>
  <system-out/>
  <testcase classname="telecome_RestAssured_Capstone3.TestCases" name="TC04_LoginUser" time="1.590"/>
  <system-out/>
  <testcase classname="telecome_RestAssured_Capstone3.TestCases" name="TC05_AddContact" time="1.649"/>
  <system-out/>
  <testcase classname="telecome_RestAssured_Capstone3.TestCases" name="TC06_GetContactList" time="1.579"/>
  <system-out/>
  <testcase classname="telecome_RestAssured_Capstone3.TestCases" name="TC07_GetSingleContact" time="1.390"/>
  <system-out/>
  <testcase classname="telecome_RestAssured_Capstone3.TestCases" name="TC08_UpdateFullContact" time="1.563"/>
  <system-out/>
  <testcase classname="telecome_RestAssured_Capstone3.TestCases" name="TC09_UpdatePartialContact" time="1.635"/>
  <system-out/>
  <testcase classname="telecome_RestAssured_Capstone3.TestCases" name="TC10_LogoutUser" time="1.529"/>
  <system-out/>
</testsuite> <!-- telecome_RestAssured_Capstone3.TestCases -->
