<?xml version="1.0" encoding="UTF-8"?>
<!-- Generated by org.testng.reporters.JUnitReportReporter -->
<testsuite hostname="VaibhavBhavsar" failures="0" tests="3" name="Tests.LoginTest" time="29.055" errors="0" timestamp="2026-05-05T22:53:15 IST" skipped="0">
  <testcase classname="Tests.LoginTest" name="TC_001_validLogin" time="9.456"/>
  <testcase classname="Tests.LoginTest" name="TC_002_invalidLogin" time="9.571"/>
  <testcase classname="Tests.LoginTest" name="TC_003_emptyLogin" time="10.028"/>
</testsuite> <!-- Tests.LoginTest -->
