<?xml version="1.0" encoding="UTF-8"?>
<!-- Generated by org.testng.reporters.JUnitReportReporter -->
<testsuite hostname="VaibhavBhavsar" failures="0" tests="3" name="Tests.AddToCartTest" time="39.000" errors="0" timestamp="2026-05-05T22:57:58 IST" skipped="0">
  <testcase classname="Tests.AddToCartTest" name="TC_004_addSingleItem" time="11.985"/>
  <testcase classname="Tests.AddToCartTest" name="TC_005_addMultipleItems" time="12.512"/>
  <testcase classname="Tests.AddToCartTest" name="TC_006_removeItem" time="14.503"/>
</testsuite> <!-- Tests.AddToCartTest -->
