<?xml version="1.0" encoding="UTF-8"?>
<!-- Generated by org.testng.reporters.JUnitReportReporter -->
<testsuite hostname="VaibhavBhavsar" failures="0" tests="5" name="test.PETSTORETEST" time="10.142" errors="0" timestamp="2026-05-10T13:08:57 IST" skipped="0">
  <testcase classname="test.PETSTORETEST" name="TC01_FindPetByStatus" time="3.972"/>
  <testcase classname="test.PETSTORETEST" name="TC02_AddPet" time="1.566"/>
  <testcase classname="test.PETSTORETEST" name="TC03_FindPetById" time="1.535"/>
  <testcase classname="test.PETSTORETEST" name="TC04_UpdatePet" time="1.543"/>
  <testcase classname="test.PETSTORETEST" name="TC05_DeletePet" time="1.526"/>
</testsuite> <!-- test.PETSTORETEST -->
