<?xml version="1.0" encoding="UTF-8"?>
<!-- Generated by org.testng.reporters.JUnitReportReporter -->
<testsuite hostname="VaibhavBhavsar" failures="0" tests="1" name="test.POJOTEST" time="0.003" errors="1" timestamp="2026-05-10T13:08:57 IST" skipped="0">
  <testcase classname="test.POJOTEST" name="createObjectUsingPojo" time="0.003">
    <error message="Unresolved compilation problems: 
	Cannot instantiate the type Data
	XZ cannot be resolved to a variable
	Syntax error on token &quot;*&quot;, invalid AssignmentOperator
	The method setYear(int) is undefined for the type Data
	The method setPrice(double) is undefined for the type Data
	The method setCPUmodel(String) is undefined for the type Data
	The method setHarddisksize(String) is undefined for the type Data
	Objects cannot be resolved to a type
	Objects cannot be resolved to a type
" type="java.lang.Error">
      <![CDATA[java.lang.Error: Unresolved compilation problems: 
Cannot instantiate the type Data
XZ cannot be resolved to a variable
Syntax error on token "*", invalid AssignmentOperator
The method setYear(int) is undefined for the type Data
The method setPrice(double) is undefined for the type Data
The method setCPUmodel(String) is undefined for the type Data
The method setHarddisksize(String) is undefined for the type Data
Objects cannot be resolved to a type
Objects cannot be resolved to a type

at test.POJOTEST.createObjectUsingPojo(POJOTEST.java:18)
at java.base/jdk.internal.reflect.DirectMethodHandleAccessor.invoke(DirectMethodHandleAccessor.java:103)
at java.base/java.lang.reflect.Method.invoke(Method.java:580)
at org.testng.internal.invokers.MethodInvocationHelper.invokeMethod(MethodInvocationHelper.java:141)
at org.testng.internal.invokers.TestInvoker.invokeMethod(TestInvoker.java:687)
at org.testng.internal.invokers.TestInvoker.invokeTestMethod(TestInvoker.java:230)
at org.testng.internal.invokers.MethodRunner.runInSequence(MethodRunner.java:63)
at org.testng.internal.invokers.TestInvoker$MethodInvocationAgent.invoke(TestInvoker.java:995)
at org.testng.internal.invokers.TestInvoker.invokeTestMethods(TestInvoker.java:203)
at org.testng.internal.invokers.TestMethodWorker.invokeTestMethods(TestMethodWorker.java:154)
at org.testng.internal.invokers.TestMethodWorker.run(TestMethodWorker.java:134)
at java.base/java.util.ArrayList.forEach(ArrayList.java:1596)
at org.testng.TestRunner.privateRun(TestRunner.java:741)
at org.testng.TestRunner.run(TestRunner.java:616)
at org.testng.SuiteRunner.runTest(SuiteRunner.java:421)
at org.testng.SuiteRunner.runSequentially(SuiteRunner.java:413)
at org.testng.SuiteRunner.privateRun(SuiteRunner.java:373)
at org.testng.SuiteRunner.run(SuiteRunner.java:312)
at org.testng.SuiteRunnerWorker.runSuite(SuiteRunnerWorker.java:52)
at org.testng.SuiteRunnerWorker.run(SuiteRunnerWorker.java:95)
at org.testng.TestNG.runSuitesSequentially(TestNG.java:1274)
at org.testng.TestNG.runSuitesLocally(TestNG.java:1208)
at org.testng.TestNG.runSuites(TestNG.java:1112)
at org.testng.TestNG.run(TestNG.java:1079)
at org.testng.remote.AbstractRemoteTestNG.run(AbstractRemoteTestNG.java:115)
at org.testng.remote.RemoteTestNG.initAndRun(RemoteTestNG.java:293)
at org.testng.remote.RemoteTestNG.main(RemoteTestNG.java:91)
]]>
    </error>
  </testcase> <!-- createObjectUsingPojo -->
</testsuite> <!-- test.POJOTEST -->
