<?xml version="1.0" encoding="UTF-8"?>
<!-- Generated by org.testng.reporters.JUnitXMLReporter -->
<testsuite ignored="6" hostname="VaibhavBhavsar" failures="0" tests="1" name="Default test" time="3.572" errors="0" timestamp="2026-05-03T19:18:55 IST">
  <testcase classname="tests.TestScenariosToAutomate" name="TC07_sameCity" time="1.125"/>
  <testcase classname="tests.TestScenariosToAutomate" name="TC01_verifyHomePage" time="0.0">
    <ignored/>
  </testcase> <!-- TC01_verifyHomePage -->
  <testcase classname="tests.TestScenariosToAutomate" name="TC06_invalidCard" time="0.0">
    <ignored/>
  </testcase> <!-- TC06_invalidCard -->
  <testcase classname="tests.TestScenariosToAutomate" name="TC05_blankCard" time="0.0">
    <ignored/>
  </testcase> <!-- TC05_blankCard -->
  <testcase classname="tests.TestScenariosToAutomate" name="TC02_searchFlights" time="0.0">
    <ignored/>
  </testcase> <!-- TC02_searchFlights -->
  <testcase classname="tests.TestScenariosToAutomate" name="TC03_completeBooking" time="0.0">
    <ignored/>
  </testcase> <!-- TC03_completeBooking -->
  <testcase classname="tests.TestScenariosToAutomate" name="TC04_multipleBooking" time="0.0">
    <ignored/>
  </testcase> <!-- TC04_multipleBooking -->
</testsuite> <!-- Default test -->
