<?xml version="1.0" encoding="UTF-8"?>
<!-- Generated by org.testng.reporters.JUnitXMLReporter -->
<testsuite ignored="0" hostname="VaibhavBhavsar" failures="0" tests="5" name="Default test" time="10.452" errors="0" timestamp="2026-05-10T13:02:41 IST">
  <testcase classname="test.PETSTORETEST" name="TC01_FindPetByStatus" time="4.131"/>
  <testcase classname="test.PETSTORETEST" name="TC02_AddPet" time="1.566"/>
  <testcase classname="test.PETSTORETEST" name="TC03_FindPetById" time="1.525"/>
  <testcase classname="test.PETSTORETEST" name="TC04_UpdatePet" time="1.599"/>
  <testcase classname="test.PETSTORETEST" name="TC05_DeletePet" time="1.559"/>
</testsuite> <!-- Default test -->
